1524974857.288998 client started (20796): version 2.7, socket /private/tmp/tmux-501/default, protocol 8
1524974857.289067 on Darwin 17.5.0 Darwin Kernel Version 17.5.0: Fri Apr 13 19:32:32 PDT 2018; root:xnu-4570.51.2~1/RELEASE_X86_64; libevent 2.1.8-stable (select)
1524974857.289122 socket is /private/tmp/tmux-501/default
1524974857.289158 trying connect
1524974857.289253 add peer 0x7f9ff2010000: 6 (0x0)
1524974857.290804 sending message 100 to peer 0x7f9ff2010000 (4 bytes)
1524974857.290825 sending message 101 to peer 0x7f9ff2010000 (16 bytes)
1524974857.290835 sending message 102 to peer 0x7f9ff2010000 (13 bytes)
1524974857.290843 sending message 108 to peer 0x7f9ff2010000 (30 bytes)
1524974857.290862 sending message 104 to peer 0x7f9ff2010000 (0 bytes)
1524974857.290871 sending message 107 to peer 0x7f9ff2010000 (4 bytes)
1524974857.290879 sending message 105 to peer 0x7f9ff2010000 (76 bytes)
1524974857.290887 sending message 105 to peer 0x7f9ff2010000 (57 bytes)
1524974857.290896 sending message 105 to peer 0x7f9ff2010000 (15 bytes)
1524974857.290904 sending message 105 to peer 0x7f9ff2010000 (20 bytes)
1524974857.290912 sending message 105 to peer 0x7f9ff2010000 (75 bytes)
1524974857.290920 sending message 105 to peer 0x7f9ff2010000 (12 bytes)
1524974857.290928 sending message 105 to peer 0x7f9ff2010000 (32 bytes)
1524974857.290936 sending message 105 to peer 0x7f9ff2010000 (14 bytes)
1524974857.290944 sending message 105 to peer 0x7f9ff2010000 (18 bytes)
1524974857.290952 sending message 105 to peer 0x7f9ff2010000 (22 bytes)
1524974857.290960 sending message 105 to peer 0x7f9ff2010000 (61 bytes)
1524974857.290968 sending message 105 to peer 0x7f9ff2010000 (14 bytes)
1524974857.290977 sending message 105 to peer 0x7f9ff2010000 (32 bytes)
1524974857.290985 sending message 105 to peer 0x7f9ff2010000 (143 bytes)
1524974857.290993 sending message 105 to peer 0x7f9ff2010000 (20 bytes)
1524974857.291001 sending message 105 to peer 0x7f9ff2010000 (398 bytes)
1524974857.291009 sending message 105 to peer 0x7f9ff2010000 (34 bytes)
1524974857.291017 sending message 105 to peer 0x7f9ff2010000 (31 bytes)
1524974857.291025 sending message 105 to peer 0x7f9ff2010000 (16 bytes)
1524974857.291033 sending message 105 to peer 0x7f9ff2010000 (16 bytes)
1524974857.291041 sending message 105 to peer 0x7f9ff2010000 (16 bytes)
1524974857.291049 sending message 105 to peer 0x7f9ff2010000 (15 bytes)
1524974857.291057 sending message 105 to peer 0x7f9ff2010000 (8 bytes)
1524974857.291066 sending message 105 to peer 0x7f9ff2010000 (66 bytes)
1524974857.291074 sending message 105 to peer 0x7f9ff2010000 (21 bytes)
1524974857.291082 sending message 105 to peer 0x7f9ff2010000 (23 bytes)
1524974857.291090 sending message 105 to peer 0x7f9ff2010000 (27 bytes)
1524974857.291098 sending message 105 to peer 0x7f9ff2010000 (60 bytes)
1524974857.291106 sending message 105 to peer 0x7f9ff2010000 (57 bytes)
1524974857.291114 sending message 105 to peer 0x7f9ff2010000 (43 bytes)
1524974857.291122 sending message 105 to peer 0x7f9ff2010000 (13 bytes)
1524974857.291130 sending message 105 to peer 0x7f9ff2010000 (53 bytes)
1524974857.291138 sending message 105 to peer 0x7f9ff2010000 (11 bytes)
1524974857.291146 sending message 105 to peer 0x7f9ff2010000 (49 bytes)
1524974857.291154 sending message 105 to peer 0x7f9ff2010000 (37 bytes)
1524974857.291163 sending message 105 to peer 0x7f9ff2010000 (14 bytes)
1524974857.291171 sending message 105 to peer 0x7f9ff2010000 (19 bytes)
1524974857.291179 sending message 105 to peer 0x7f9ff2010000 (38 bytes)
1524974857.291187 sending message 105 to peer 0x7f9ff2010000 (17 bytes)
1524974857.291195 sending message 105 to peer 0x7f9ff2010000 (22 bytes)
1524974857.291203 sending message 106 to peer 0x7f9ff2010000 (0 bytes)
1524974857.291215 sending message 200 to peer 0x7f9ff2010000 (4 bytes)
1524974857.291223 client loop enter
1524974857.291458 peer 0x7f9ff2010000 message 211
1524974857.291481 client_write: sessions should be nested with care, unset $TMUX to force\n
1524974857.291505 peer 0x7f9ff2010000 message 203
1524974857.291515 client loop exit
